\BOOKMARK [0][-]{chapter.1}{Algebra lineare}{}% 1
\BOOKMARK [1][-]{section.1.1}{Dalle matrici discrete a quelle continue}{chapter.1}% 2
\BOOKMARK [1][-]{section.1.2}{Prodotto caso discreto}{chapter.1}% 3
\BOOKMARK [1][-]{section.1.3}{Prodotto caso continuo}{chapter.1}% 4
\BOOKMARK [1][-]{section.1.4}{Combinazioni lineari}{chapter.1}% 5
\BOOKMARK [1][-]{section.1.5}{Serie di Furi\350 se sai come funziona puoi saltarlo, e comunque fa pi\371 confondere che altro}{chapter.1}% 6
\BOOKMARK [1][-]{section.1.6}{Trasformata di Furi\350}{chapter.1}% 7
\BOOKMARK [1][-]{section.1.7}{Matrice associata a un'applicazione lineare}{chapter.1}% 8
\BOOKMARK [1][-]{section.1.8}{Cambiamento di base}{chapter.1}% 9
\BOOKMARK [1][-]{section.1.9}{Derivata \040di Dirac}{chapter.1}% 10
\BOOKMARK [1][-]{section.1.10}{Matrice associata alla derivata}{chapter.1}% 11
\BOOKMARK [1][-]{section.1.11}{Matrice associata alla derivata n-esima}{chapter.1}% 12
\BOOKMARK [1][-]{section.1.12}{Risoluzione equazioni differenziali linearii a coefficenti costanti}{chapter.1}% 13
\BOOKMARK [1][-]{section.1.13}{Approssimazione problema degli autovettori}{chapter.1}% 14
\BOOKMARK [0][-]{chapter.2}{Algebra Multilineare}{}% 15
\BOOKMARK [1][-]{section.2.1}{Applicazioni Multilineari e Tensori}{chapter.2}% 16
\BOOKMARK [1][-]{section.2.2}{Tensori Continui}{chapter.2}% 17
\BOOKMARK [1][-]{section.2.3}{Funzionali}{chapter.2}% 18
\BOOKMARK [1][-]{section.2.4}{Derivata funzionale}{chapter.2}% 19
\BOOKMARK [1][-]{section.2.5}{Equazioni di Eulero-Lagrange}{chapter.2}% 20
\BOOKMARK [1][-]{section.2.6}{Gradiente e Sviluppo in Taylor di Funzionali}{chapter.2}% 21
\BOOKMARK [1][-]{section.2.7}{Volume parallelogramma in un continuo di dimenzioni}{chapter.2}% 22
\BOOKMARK [1][-]{section.2.8}{Come trasforma un Funzionale}{chapter.2}% 23
\BOOKMARK [1][-]{section.2.9}{Determinante}{chapter.2}% 24
\BOOKMARK [0][-]{chapter.3}{Applicazioni alla teoria dei gruppi}{}% 25
\BOOKMARK [1][-]{section.3.1}{SO\(N\)}{chapter.3}% 26
