\BOOKMARK [0][-]{chapter.1}{Sezione d'urto}{}% 1
\BOOKMARK [1][-]{section.1.1}{Sezione d'urto s'un oggetto opaco}{chapter.1}% 2
\BOOKMARK [1][-]{section.1.2}{Sezione d'urto s'un oggetto traslucido}{chapter.1}% 3
\BOOKMARK [1][-]{section.1.3}{Collegamento con la probabilit\340}{chapter.1}% 4
\BOOKMARK [1][-]{section.1.4}{Sezione d'urto di una particella}{chapter.1}% 5
\BOOKMARK [1][-]{section.1.5}{Sezione d'urto con due gas/plasmi che si scontrano}{chapter.1}% 6
\BOOKMARK [1][-]{section.1.6}{Sezione d'urto differenziale e Scattering Rutherford}{chapter.1}% 7
\BOOKMARK [1][-]{section.1.7}{Cose con onde elettromagnetiche}{chapter.1}% 8
\BOOKMARK [1][-]{section.1.8}{Cose con lo spazio delle fasi}{chapter.1}% 9
\BOOKMARK [1][-]{section.1.9}{Processi inclusivi}{chapter.1}% 10
\BOOKMARK [0][-]{chapter.2}{Elettromagnetismo}{}% 11
\BOOKMARK [1][-]{section.2.1}{Equazioni di Maxwell}{chapter.2}% 12
\BOOKMARK [1][-]{section.2.2}{Conversione SI-G}{chapter.2}% 13
\BOOKMARK [1][-]{section.2.3}{Formule utili}{chapter.2}% 14
\BOOKMARK [2][-]{subsection.2.3.1}{Densit\340 di Energia}{section.2.3}% 15
\BOOKMARK [2][-]{subsection.2.3.2}{Vettore di Poynting}{section.2.3}% 16
\BOOKMARK [2][-]{subsection.2.3.3}{Tensore Impulso}{section.2.3}% 17
\BOOKMARK [2][-]{subsection.2.3.4}{Tensore di campo}{section.2.3}% 18
\BOOKMARK [2][-]{subsection.2.3.5}{Tensore Enegia-Impulso}{section.2.3}% 19
\BOOKMARK [2][-]{subsection.2.3.6}{Trasformazione dei Campi}{section.2.3}% 20
\BOOKMARK [1][-]{section.2.4}{Radiazione}{chapter.2}% 21
\BOOKMARK [2][-]{subsection.2.4.1}{Campi generati da una carica q in un moto generico}{section.2.4}% 22
\BOOKMARK [2][-]{subsection.2.4.2}{Radiazione sviluppata al secondo ordine non relativistica}{section.2.4}% 23
\BOOKMARK [1][-]{section.2.5}{Attraversamento della materia di particelle cariche}{chapter.2}% 24
